<?xml version="1.0" encoding="UTF-8"?>
<testsuite name="RegistrationTests" tests="200" skipped="0" failures="0" errors="0" timestamp="2023-06-03T13:25:29" hostname="USER-PC" time="614.767">
  <properties/>
  <testcase name="repetition 1 of 200" classname="RegistrationTests" time="8.586"/>
  <testcase name="repetition 2 of 200" classname="RegistrationTests" time="3.508"/>
  <testcase name="repetition 3 of 200" classname="RegistrationTests" time="3.249"/>
  <testcase name="repetition 4 of 200" classname="RegistrationTests" time="3.33"/>
  <testcase name="repetition 5 of 200" classname="RegistrationTests" time="3.448"/>
  <testcase name="repetition 6 of 200" classname="RegistrationTests" time="3.292"/>
  <testcase name="repetition 7 of 200" classname="RegistrationTests" time="3.3"/>
  <testcase name="repetition 8 of 200" classname="RegistrationTests" time="3.456"/>
  <testcase name="repetition 9 of 200" classname="RegistrationTests" time="3.169"/>
  <testcase name="repetition 10 of 200" classname="RegistrationTests" time="3.231"/>
  <testcase name="repetition 11 of 200" classname="RegistrationTests" time="3.303"/>
  <testcase name="repetition 12 of 200" classname="RegistrationTests" time="3.217"/>
  <testcase name="repetition 13 of 200" classname="RegistrationTests" time="3.073"/>
  <testcase name="repetition 14 of 200" classname="RegistrationTests" time="3.153"/>
  <testcase name="repetition 15 of 200" classname="RegistrationTests" time="3.116"/>
  <testcase name="repetition 16 of 200" classname="RegistrationTests" time="3.357"/>
  <testcase name="repetition 17 of 200" classname="RegistrationTests" time="3.655"/>
  <testcase name="repetition 18 of 200" classname="RegistrationTests" time="3.497"/>
  <testcase name="repetition 19 of 200" classname="RegistrationTests" time="3.519"/>
  <testcase name="repetition 20 of 200" classname="RegistrationTests" time="3.155"/>
  <testcase name="repetition 21 of 200" classname="RegistrationTests" time="3.319"/>
  <testcase name="repetition 22 of 200" classname="RegistrationTests" time="2.841"/>
  <testcase name="repetition 23 of 200" classname="RegistrationTests" time="2.946"/>
  <testcase name="repetition 24 of 200" classname="RegistrationTests" time="2.946"/>
  <testcase name="repetition 25 of 200" classname="RegistrationTests" time="3.413"/>
  <testcase name="repetition 26 of 200" classname="RegistrationTests" time="3.179"/>
  <testcase name="repetition 27 of 200" classname="RegistrationTests" time="3.172"/>
  <testcase name="repetition 28 of 200" classname="RegistrationTests" time="3.36"/>
  <testcase name="repetition 29 of 200" classname="RegistrationTests" time="3.075"/>
  <testcase name="repetition 30 of 200" classname="RegistrationTests" time="2.978"/>
  <testcase name="repetition 31 of 200" classname="RegistrationTests" time="2.883"/>
  <testcase name="repetition 32 of 200" classname="RegistrationTests" time="2.9"/>
  <testcase name="repetition 33 of 200" classname="RegistrationTests" time="2.876"/>
  <testcase name="repetition 34 of 200" classname="RegistrationTests" time="2.863"/>
  <testcase name="repetition 35 of 200" classname="RegistrationTests" time="2.844"/>
  <testcase name="repetition 36 of 200" classname="RegistrationTests" time="2.797"/>
  <testcase name="repetition 37 of 200" classname="RegistrationTests" time="3.017"/>
  <testcase name="repetition 38 of 200" classname="RegistrationTests" time="2.941"/>
  <testcase name="repetition 39 of 200" classname="RegistrationTests" time="2.886"/>
  <testcase name="repetition 40 of 200" classname="RegistrationTests" time="2.912"/>
  <testcase name="repetition 41 of 200" classname="RegistrationTests" time="3.134"/>
  <testcase name="repetition 42 of 200" classname="RegistrationTests" time="2.952"/>
  <testcase name="repetition 43 of 200" classname="RegistrationTests" time="2.996"/>
  <testcase name="repetition 44 of 200" classname="RegistrationTests" time="2.907"/>
  <testcase name="repetition 45 of 200" classname="RegistrationTests" time="2.984"/>
  <testcase name="repetition 46 of 200" classname="RegistrationTests" time="2.859"/>
  <testcase name="repetition 47 of 200" classname="RegistrationTests" time="2.907"/>
  <testcase name="repetition 48 of 200" classname="RegistrationTests" time="2.925"/>
  <testcase name="repetition 49 of 200" classname="RegistrationTests" time="2.967"/>
  <testcase name="repetition 50 of 200" classname="RegistrationTests" time="2.903"/>
  <testcase name="repetition 51 of 200" classname="RegistrationTests" time="2.842"/>
  <testcase name="repetition 52 of 200" classname="RegistrationTests" time="2.822"/>
  <testcase name="repetition 53 of 200" classname="RegistrationTests" time="2.778"/>
  <testcase name="repetition 54 of 200" classname="RegistrationTests" time="2.856"/>
  <testcase name="repetition 55 of 200" classname="RegistrationTests" time="2.814"/>
  <testcase name="repetition 56 of 200" classname="RegistrationTests" time="3.134"/>
  <testcase name="repetition 57 of 200" classname="RegistrationTests" time="2.874"/>
  <testcase name="repetition 58 of 200" classname="RegistrationTests" time="3.112"/>
  <testcase name="repetition 59 of 200" classname="RegistrationTests" time="3.142"/>
  <testcase name="repetition 60 of 200" classname="RegistrationTests" time="3.061"/>
  <testcase name="repetition 61 of 200" classname="RegistrationTests" time="3.023"/>
  <testcase name="repetition 62 of 200" classname="RegistrationTests" time="3.313"/>
  <testcase name="repetition 63 of 200" classname="RegistrationTests" time="2.951"/>
  <testcase name="repetition 64 of 200" classname="RegistrationTests" time="2.906"/>
  <testcase name="repetition 65 of 200" classname="RegistrationTests" time="3.173"/>
  <testcase name="repetition 66 of 200" classname="RegistrationTests" time="3.014"/>
  <testcase name="repetition 67 of 200" classname="RegistrationTests" time="3.029"/>
  <testcase name="repetition 68 of 200" classname="RegistrationTests" time="6.691"/>
  <testcase name="repetition 69 of 200" classname="RegistrationTests" time="6.954"/>
  <testcase name="repetition 70 of 200" classname="RegistrationTests" time="4.537"/>
  <testcase name="repetition 71 of 200" classname="RegistrationTests" time="2.808"/>
  <testcase name="repetition 72 of 200" classname="RegistrationTests" time="3.095"/>
  <testcase name="repetition 73 of 200" classname="RegistrationTests" time="2.791"/>
  <testcase name="repetition 74 of 200" classname="RegistrationTests" time="2.897"/>
  <testcase name="repetition 75 of 200" classname="RegistrationTests" time="2.882"/>
  <testcase name="repetition 76 of 200" classname="RegistrationTests" time="2.86"/>
  <testcase name="repetition 77 of 200" classname="RegistrationTests" time="2.87"/>
  <testcase name="repetition 78 of 200" classname="RegistrationTests" time="2.822"/>
  <testcase name="repetition 79 of 200" classname="RegistrationTests" time="2.943"/>
  <testcase name="repetition 80 of 200" classname="RegistrationTests" time="2.947"/>
  <testcase name="repetition 81 of 200" classname="RegistrationTests" time="2.824"/>
  <testcase name="repetition 82 of 200" classname="RegistrationTests" time="2.865"/>
  <testcase name="repetition 83 of 200" classname="RegistrationTests" time="2.817"/>
  <testcase name="repetition 84 of 200" classname="RegistrationTests" time="2.872"/>
  <testcase name="repetition 85 of 200" classname="RegistrationTests" time="2.865"/>
  <testcase name="repetition 86 of 200" classname="RegistrationTests" time="2.849"/>
  <testcase name="repetition 87 of 200" classname="RegistrationTests" time="3.09"/>
  <testcase name="repetition 88 of 200" classname="RegistrationTests" time="2.888"/>
  <testcase name="repetition 89 of 200" classname="RegistrationTests" time="2.822"/>
  <testcase name="repetition 90 of 200" classname="RegistrationTests" time="2.873"/>
  <testcase name="repetition 91 of 200" classname="RegistrationTests" time="3.085"/>
  <testcase name="repetition 92 of 200" classname="RegistrationTests" time="2.835"/>
  <testcase name="repetition 93 of 200" classname="RegistrationTests" time="2.8"/>
  <testcase name="repetition 94 of 200" classname="RegistrationTests" time="2.852"/>
  <testcase name="repetition 95 of 200" classname="RegistrationTests" time="2.854"/>
  <testcase name="repetition 96 of 200" classname="RegistrationTests" time="2.814"/>
  <testcase name="repetition 97 of 200" classname="RegistrationTests" time="3.023"/>
  <testcase name="repetition 98 of 200" classname="RegistrationTests" time="2.845"/>
  <testcase name="repetition 99 of 200" classname="RegistrationTests" time="2.828"/>
  <testcase name="repetition 100 of 200" classname="RegistrationTests" time="2.886"/>
  <testcase name="repetition 101 of 200" classname="RegistrationTests" time="2.826"/>
  <testcase name="repetition 102 of 200" classname="RegistrationTests" time="2.861"/>
  <testcase name="repetition 103 of 200" classname="RegistrationTests" time="2.842"/>
  <testcase name="repetition 104 of 200" classname="RegistrationTests" time="3.098"/>
  <testcase name="repetition 105 of 200" classname="RegistrationTests" time="2.883"/>
  <testcase name="repetition 106 of 200" classname="RegistrationTests" time="3.079"/>
  <testcase name="repetition 107 of 200" classname="RegistrationTests" time="2.848"/>
  <testcase name="repetition 108 of 200" classname="RegistrationTests" time="2.813"/>
  <testcase name="repetition 109 of 200" classname="RegistrationTests" time="2.79"/>
  <testcase name="repetition 110 of 200" classname="RegistrationTests" time="2.87"/>
  <testcase name="repetition 111 of 200" classname="RegistrationTests" time="3.107"/>
  <testcase name="repetition 112 of 200" classname="RegistrationTests" time="3.093"/>
  <testcase name="repetition 113 of 200" classname="RegistrationTests" time="2.942"/>
  <testcase name="repetition 114 of 200" classname="RegistrationTests" time="2.828"/>
  <testcase name="repetition 115 of 200" classname="RegistrationTests" time="2.79"/>
  <testcase name="repetition 116 of 200" classname="RegistrationTests" time="2.88"/>
  <testcase name="repetition 117 of 200" classname="RegistrationTests" time="2.782"/>
  <testcase name="repetition 118 of 200" classname="RegistrationTests" time="2.79"/>
  <testcase name="repetition 119 of 200" classname="RegistrationTests" time="2.833"/>
  <testcase name="repetition 120 of 200" classname="RegistrationTests" time="2.81"/>
  <testcase name="repetition 121 of 200" classname="RegistrationTests" time="2.828"/>
  <testcase name="repetition 122 of 200" classname="RegistrationTests" time="2.834"/>
  <testcase name="repetition 123 of 200" classname="RegistrationTests" time="2.836"/>
  <testcase name="repetition 124 of 200" classname="RegistrationTests" time="2.988"/>
  <testcase name="repetition 125 of 200" classname="RegistrationTests" time="2.846"/>
  <testcase name="repetition 126 of 200" classname="RegistrationTests" time="3.061"/>
  <testcase name="repetition 127 of 200" classname="RegistrationTests" time="3.137"/>
  <testcase name="repetition 128 of 200" classname="RegistrationTests" time="2.895"/>
  <testcase name="repetition 129 of 200" classname="RegistrationTests" time="2.975"/>
  <testcase name="repetition 130 of 200" classname="RegistrationTests" time="2.895"/>
  <testcase name="repetition 131 of 200" classname="RegistrationTests" time="2.87"/>
  <testcase name="repetition 132 of 200" classname="RegistrationTests" time="2.797"/>
  <testcase name="repetition 133 of 200" classname="RegistrationTests" time="2.834"/>
  <testcase name="repetition 134 of 200" classname="RegistrationTests" time="2.843"/>
  <testcase name="repetition 135 of 200" classname="RegistrationTests" time="2.811"/>
  <testcase name="repetition 136 of 200" classname="RegistrationTests" time="3.098"/>
  <testcase name="repetition 137 of 200" classname="RegistrationTests" time="2.794"/>
  <testcase name="repetition 138 of 200" classname="RegistrationTests" time="3.066"/>
  <testcase name="repetition 139 of 200" classname="RegistrationTests" time="2.822"/>
  <testcase name="repetition 140 of 200" classname="RegistrationTests" time="2.871"/>
  <testcase name="repetition 141 of 200" classname="RegistrationTests" time="3.073"/>
  <testcase name="repetition 142 of 200" classname="RegistrationTests" time="2.883"/>
  <testcase name="repetition 143 of 200" classname="RegistrationTests" time="3.039"/>
  <testcase name="repetition 144 of 200" classname="RegistrationTests" time="2.815"/>
  <testcase name="repetition 145 of 200" classname="RegistrationTests" time="2.785"/>
  <testcase name="repetition 146 of 200" classname="RegistrationTests" time="2.849"/>
  <testcase name="repetition 147 of 200" classname="RegistrationTests" time="2.799"/>
  <testcase name="repetition 148 of 200" classname="RegistrationTests" time="4.359"/>
  <testcase name="repetition 149 of 200" classname="RegistrationTests" time="6.833"/>
  <testcase name="repetition 150 of 200" classname="RegistrationTests" time="7.035"/>
  <testcase name="repetition 151 of 200" classname="RegistrationTests" time="2.966"/>
  <testcase name="repetition 152 of 200" classname="RegistrationTests" time="2.82"/>
  <testcase name="repetition 153 of 200" classname="RegistrationTests" time="2.77"/>
  <testcase name="repetition 154 of 200" classname="RegistrationTests" time="2.756"/>
  <testcase name="repetition 155 of 200" classname="RegistrationTests" time="3.083"/>
  <testcase name="repetition 156 of 200" classname="RegistrationTests" time="2.756"/>
  <testcase name="repetition 157 of 200" classname="RegistrationTests" time="2.767"/>
  <testcase name="repetition 158 of 200" classname="RegistrationTests" time="2.824"/>
  <testcase name="repetition 159 of 200" classname="RegistrationTests" time="2.753"/>
  <testcase name="repetition 160 of 200" classname="RegistrationTests" time="3.099"/>
  <testcase name="repetition 161 of 200" classname="RegistrationTests" time="2.812"/>
  <testcase name="repetition 162 of 200" classname="RegistrationTests" time="2.828"/>
  <testcase name="repetition 163 of 200" classname="RegistrationTests" time="2.79"/>
  <testcase name="repetition 164 of 200" classname="RegistrationTests" time="2.794"/>
  <testcase name="repetition 165 of 200" classname="RegistrationTests" time="2.896"/>
  <testcase name="repetition 166 of 200" classname="RegistrationTests" time="3.163"/>
  <testcase name="repetition 167 of 200" classname="RegistrationTests" time="3.049"/>
  <testcase name="repetition 168 of 200" classname="RegistrationTests" time="2.779"/>
  <testcase name="repetition 169 of 200" classname="RegistrationTests" time="2.865"/>
  <testcase name="repetition 170 of 200" classname="RegistrationTests" time="2.786"/>
  <testcase name="repetition 171 of 200" classname="RegistrationTests" time="3.051"/>
  <testcase name="repetition 172 of 200" classname="RegistrationTests" time="2.813"/>
  <testcase name="repetition 173 of 200" classname="RegistrationTests" time="2.835"/>
  <testcase name="repetition 174 of 200" classname="RegistrationTests" time="2.838"/>
  <testcase name="repetition 175 of 200" classname="RegistrationTests" time="2.981"/>
  <testcase name="repetition 176 of 200" classname="RegistrationTests" time="2.804"/>
  <testcase name="repetition 177 of 200" classname="RegistrationTests" time="2.812"/>
  <testcase name="repetition 178 of 200" classname="RegistrationTests" time="2.805"/>
  <testcase name="repetition 179 of 200" classname="RegistrationTests" time="2.843"/>
  <testcase name="repetition 180 of 200" classname="RegistrationTests" time="3.136"/>
  <testcase name="repetition 181 of 200" classname="RegistrationTests" time="2.89"/>
  <testcase name="repetition 182 of 200" classname="RegistrationTests" time="2.798"/>
  <testcase name="repetition 183 of 200" classname="RegistrationTests" time="3.057"/>
  <testcase name="repetition 184 of 200" classname="RegistrationTests" time="2.772"/>
  <testcase name="repetition 185 of 200" classname="RegistrationTests" time="2.854"/>
  <testcase name="repetition 186 of 200" classname="RegistrationTests" time="2.799"/>
  <testcase name="repetition 187 of 200" classname="RegistrationTests" time="2.832"/>
  <testcase name="repetition 188 of 200" classname="RegistrationTests" time="2.832"/>
  <testcase name="repetition 189 of 200" classname="RegistrationTests" time="3.043"/>
  <testcase name="repetition 190 of 200" classname="RegistrationTests" time="2.822"/>
  <testcase name="repetition 191 of 200" classname="RegistrationTests" time="2.816"/>
  <testcase name="repetition 192 of 200" classname="RegistrationTests" time="2.833"/>
  <testcase name="repetition 193 of 200" classname="RegistrationTests" time="2.798"/>
  <testcase name="repetition 194 of 200" classname="RegistrationTests" time="2.761"/>
  <testcase name="repetition 195 of 200" classname="RegistrationTests" time="2.844"/>
  <testcase name="repetition 196 of 200" classname="RegistrationTests" time="2.837"/>
  <testcase name="repetition 197 of 200" classname="RegistrationTests" time="2.883"/>
  <testcase name="repetition 198 of 200" classname="RegistrationTests" time="2.844"/>
  <testcase name="repetition 199 of 200" classname="RegistrationTests" time="3.065"/>
  <testcase name="repetition 200 of 200" classname="RegistrationTests" time="2.871"/>
  <system-out><![CDATA[[04, October, 1960]
[23, April, 2000]
[10, March, 1984]
[10, September, 2000]
[06, October, 2004]
[23, January, 1973]
[25, June, 1959]
[12, March, 1961]
[10, July, 1977]
[18, April, 1994]
[14, April, 2000]
[06, March, 1965]
[27, March, 1993]
[07, January, 1988]
[17, May, 1998]
[29, January, 1989]
[17, August, 1986]
[26, March, 2001]
[27, March, 1977]
[20, October, 1988]
[29, May, 1972]
[19, June, 1995]
[02, July, 1984]
[31, July, 1988]
[17, December, 1990]
[14, October, 1966]
[23, April, 1997]
[20, May, 1976]
[24, August, 1965]
[22, June, 1990]
[04, January, 1965]
[19, November, 1968]
[23, April, 2004]
[10, February, 1997]
[15, March, 1965]
[05, February, 1960]
[11, September, 1991]
[10, March, 2005]
[27, May, 1970]
[02, January, 2001]
[06, November, 1970]
[19, March, 1984]
[20, February, 1959]
[23, March, 1992]
[21, November, 2003]
[01, December, 1988]
[04, October, 1996]
[26, April, 2001]
[08, March, 1995]
[16, July, 1986]
[27, April, 1998]
[20, December, 1973]
[02, December, 2003]
[19, November, 1989]
[06, June, 1962]
[19, February, 1985]
[05, April, 2004]
[27, December, 1970]
[12, January, 1987]
[19, July, 1979]
[24, March, 1995]
[15, March, 1967]
[17, April, 2003]
[24, March, 1998]
[26, May, 2000]
[25, February, 1997]
[16, April, 2002]
[07, November, 1995]
[19, July, 1967]
[08, November, 1968]
[07, November, 1981]
[10, December, 2004]
[29, December, 1993]
[09, November, 1996]
[21, June, 1993]
[12, March, 1962]
[20, November, 1973]
[09, June, 1994]
[19, February, 1981]
[18, June, 1973]
[07, January, 1978]
[22, August, 1969]
[04, September, 1975]
[18, August, 1976]
[20, February, 1970]
[22, June, 2003]
[25, October, 1997]
[14, July, 1973]
[29, October, 1984]
[20, July, 2002]
[11, April, 1993]
[30, October, 1982]
[15, November, 1973]
[06, March, 1994]
[07, April, 1968]
[06, March, 2004]
[23, September, 1991]
[05, May, 1970]
[21, October, 1982]
[22, December, 1991]
[19, December, 2001]
[13, September, 1988]
[22, September, 1982]
[11, December, 1980]
[01, December, 1992]
[23, January, 1993]
[06, August, 1981]
[02, September, 1971]
[05, August, 1996]
[11, November, 1958]
[11, February, 1980]
[04, February, 2002]
[25, September, 1969]
[25, June, 1998]
[22, September, 1971]
[26, December, 1971]
[01, November, 1978]
[17, January, 1984]
[18, August, 1997]
[28, December, 1969]
[17, January, 1987]
[01, January, 1993]
[16, January, 1982]
[24, October, 1964]
[28, October, 1961]
[19, June, 1996]
[22, January, 1968]
[21, November, 1977]
[27, January, 1979]
[01, August, 1982]
[03, March, 1999]
[08, July, 1979]
[13, May, 1965]
[13, September, 1979]
[18, March, 1959]
[30, March, 1984]
[14, May, 1976]
[05, August, 1993]
[23, June, 1995]
[20, December, 1986]
[12, February, 1973]
[26, June, 1964]
[16, October, 1958]
[30, April, 1976]
[11, July, 1973]
[10, February, 1982]
[08, September, 1994]
[23, July, 1995]
[14, August, 1993]
[26, January, 1961]
[26, April, 1987]
[18, November, 1976]
[20, August, 1993]
[07, August, 1989]
[14, February, 1981]
[04, September, 1975]
[08, July, 1986]
[04, April, 1987]
[16, May, 2000]
[23, January, 1962]
[09, December, 1969]
[10, December, 1976]
[26, November, 1982]
[19, July, 1985]
[08, February, 1972]
[04, September, 1960]
[17, September, 1971]
[13, August, 1990]
[07, January, 1965]
[01, January, 2003]
[15, October, 1970]
[15, September, 1998]
[25, October, 1983]
[31, October, 1982]
[07, May, 1973]
[08, July, 2001]
[31, October, 1974]
[11, March, 1967]
[21, July, 1959]
[23, March, 2003]
[27, December, 1958]
[29, April, 1996]
[15, November, 1969]
[05, March, 1996]
[29, April, 1966]
[16, January, 1980]
[06, February, 1979]
[26, November, 1990]
[01, January, 1984]
[08, July, 1998]
[25, July, 1985]
[07, August, 1995]
[01, June, 1997]
[02, May, 2001]
[03, November, 1986]
[20, April, 1960]
[01, November, 1964]
[12, April, 1973]
[23, August, 1970]
[23, February, 1970]
]]></system-out>
  <system-err><![CDATA[SLF4J: No SLF4J providers were found.
SLF4J: Defaulting to no-operation (NOP) logger implementation
SLF4J: See https://www.slf4j.org/codes.html#noProviders for further details.
Starting ChromeDriver 113.0.5672.63 (0e1a4471d5ae5bf128b1bd8f4d627c8cbd55f70c-refs/branch-heads/5672@{#912}) on port 13867
Only local connections are allowed.
Please see https://chromedriver.chromium.org/security-considerations for suggestions on keeping ChromeDriver safe.
ChromeDriver was started successfully.
июн. 03, 2023 4:35:44 PM org.openqa.selenium.remote.http.WebSocket$Listener onError
WARNING: Connection reset
java.net.SocketException: Connection reset
	at java.base/sun.nio.ch.SocketChannelImpl.throwConnectionReset(SocketChannelImpl.java:394)
	at java.base/sun.nio.ch.SocketChannelImpl.read(SocketChannelImpl.java:426)
	at io.netty.buffer.PooledByteBuf.setBytes(PooledByteBuf.java:256)
	at io.netty.buffer.AbstractByteBuf.writeBytes(AbstractByteBuf.java:1132)
	at io.netty.channel.socket.nio.NioSocketChannel.doReadBytes(NioSocketChannel.java:357)
	at io.netty.channel.nio.AbstractNioByteChannel$NioByteUnsafe.read(AbstractNioByteChannel.java:151)
	at io.netty.channel.nio.NioEventLoop.processSelectedKey(NioEventLoop.java:788)
	at io.netty.channel.nio.NioEventLoop.processSelectedKeysOptimized(NioEventLoop.java:724)
	at io.netty.channel.nio.NioEventLoop.processSelectedKeys(NioEventLoop.java:650)
	at io.netty.channel.nio.NioEventLoop.run(NioEventLoop.java:562)
	at io.netty.util.concurrent.SingleThreadEventExecutor$4.run(SingleThreadEventExecutor.java:997)
	at io.netty.util.internal.ThreadExecutorMap$2.run(ThreadExecutorMap.java:74)
	at io.netty.util.concurrent.FastThreadLocalRunnable.run(FastThreadLocalRunnable.java:30)
	at java.base/java.lang.Thread.run(Thread.java:833)

]]></system-err>
</testsuite>
