<?xml version="1.0" encoding="UTF-8"?>
<testsuite name="RegistrationTests" tests="1" skipped="0" failures="0" errors="0" timestamp="2023-06-09T18:14:01" hostname="USER-PC" time="15.032">
  <properties/>
  <testcase name="checkStudentRegistrationForm()" classname="RegistrationTests" time="15.032"/>
  <system-out><![CDATA[]]></system-out>
  <system-err><![CDATA[]]></system-err>
</testsuite>
